[debug] [2024-02-11T10:28:31.032Z] ----------------------------------------------------------------------
[debug] [2024-02-11T10:28:31.034Z] Command:       C:\Program Files\nodejs\node.exe C:\Users\anmol\AppData\Roaming\npm\node_modules\firebase-tools\lib\bin\firebase.js emulators:start --only functions
[debug] [2024-02-11T10:28:31.035Z] CLI Version:   13.2.1
[debug] [2024-02-11T10:28:31.035Z] Platform:      win32
[debug] [2024-02-11T10:28:31.035Z] Node Version:  v18.18.0
[debug] [2024-02-11T10:28:31.036Z] Time:          Sun Feb 11 2024 15:58:31 GMT+0530 (India Standard Time)
[debug] [2024-02-11T10:28:31.036Z] ----------------------------------------------------------------------
[debug] 
[debug] [2024-02-11T10:28:31.148Z] > command requires scopes: ["email","openid","https://www.googleapis.com/auth/cloudplatformprojects.readonly","https://www.googleapis.com/auth/firebase","https://www.googleapis.com/auth/cloud-platform"]
[debug] [2024-02-11T10:28:31.148Z] > authorizing via signed-in user (anmol938@gmail.com)
[info] i  emulators: Starting emulators: functions {"metadata":{"emulator":{"name":"hub"},"message":"Starting emulators: functions"}}
[debug] [2024-02-11T10:28:31.157Z] [logging] Logging Emulator only supports listening on one address (127.0.0.1). Not listening on ::1
[debug] [2024-02-11T10:28:31.157Z] assigned listening specs for emulators {"user":{"hub":[{"address":"127.0.0.1","family":"IPv4","port":4400},{"address":"::1","family":"IPv6","port":4400}],"ui":[{"address":"127.0.0.1","family":"IPv4","port":4000},{"address":"::1","family":"IPv6","port":4000}],"logging":[{"address":"127.0.0.1","family":"IPv4","port":4500}]},"metadata":{"message":"assigned listening specs for emulators"}}
[debug] [2024-02-11T10:28:31.166Z] [hub] writing locator at C:\Users\anmol\AppData\Local\Temp\hub-ecommerce-website-837bd.json
[debug] [2024-02-11T10:28:31.181Z] [functions] Functions Emulator only supports listening on one address (127.0.0.1). Not listening on ::1
[debug] [2024-02-11T10:28:31.181Z] [eventarc] Eventarc Emulator only supports listening on one address (127.0.0.1). Not listening on ::1
[debug] [2024-02-11T10:28:31.181Z] late-assigned ports for functions and eventarc emulators {"user":{"hub":[{"address":"127.0.0.1","family":"IPv4","port":4400},{"address":"::1","family":"IPv6","port":4400}],"ui":[{"address":"127.0.0.1","family":"IPv4","port":4000},{"address":"::1","family":"IPv6","port":4000}],"logging":[{"address":"127.0.0.1","family":"IPv4","port":4500}],"functions":[{"address":"127.0.0.1","family":"IPv4","port":5001}],"eventarc":[{"address":"127.0.0.1","family":"IPv4","port":9299}]},"metadata":{"message":"late-assigned ports for functions and eventarc emulators"}}
[warn] !  functions: The following emulators are not running, calls to these services from the Functions emulator will affect production: auth, firestore, database, hosting, pubsub, storage {"metadata":{"emulator":{"name":"functions"},"message":"The following emulators are not running, calls to these services from the Functions emulator will affect production: \u001b[1mauth, firestore, database, hosting, pubsub, storage\u001b[22m"}}
[debug] [2024-02-11T10:28:31.186Z] defaultcredentials: writing to file C:\Users\anmol\AppData\Roaming\firebase\anmol938_gmail_com_application_default_credentials.json
[debug] [2024-02-11T10:28:31.200Z] Setting GAC to C:\Users\anmol\AppData\Roaming\firebase\anmol938_gmail_com_application_default_credentials.json {"metadata":{"emulator":{"name":"functions"},"message":"Setting GAC to C:\\Users\\anmol\\AppData\\Roaming\\firebase\\anmol938_gmail_com_application_default_credentials.json"}}
[debug] [2024-02-11T10:28:31.202Z] >>> [apiv2][query] GET https://firebase.googleapis.com/v1beta1/projects/ecommerce-website-837bd/adminSdkConfig [none]
[debug] [2024-02-11T10:28:31.656Z] <<< [apiv2][status] GET https://firebase.googleapis.com/v1beta1/projects/ecommerce-website-837bd/adminSdkConfig 200
[debug] [2024-02-11T10:28:31.656Z] <<< [apiv2][body] GET https://firebase.googleapis.com/v1beta1/projects/ecommerce-website-837bd/adminSdkConfig {"projectId":"ecommerce-website-837bd","storageBucket":"ecommerce-website-837bd.appspot.com"}
[debug] [2024-02-11T10:28:31.900Z] Ignoring unsupported arg: auto_download {"metadata":{"emulator":{"name":"ui"},"message":"Ignoring unsupported arg: auto_download"}}
[debug] [2024-02-11T10:28:31.900Z] Ignoring unsupported arg: port {"metadata":{"emulator":{"name":"ui"},"message":"Ignoring unsupported arg: port"}}
[debug] [2024-02-11T10:28:31.900Z] Starting Emulator UI with command {"binary":"node","args":["C:\\Users\\anmol\\.cache\\firebase\\emulators\\ui-v1.11.7\\server\\server.js"],"optionalArgs":[],"joinArgs":false} {"metadata":{"emulator":{"name":"ui"},"message":"Starting Emulator UI with command {\"binary\":\"node\",\"args\":[\"C:\\\\Users\\\\anmol\\\\.cache\\\\firebase\\\\emulators\\\\ui-v1.11.7\\\\server\\\\server.js\"],\"optionalArgs\":[],\"joinArgs\":false}"}}
[info] i  ui: Emulator UI logging to ui-debug.log {"metadata":{"emulator":{"name":"ui"},"message":"Emulator UI logging to \u001b[1mui-debug.log\u001b[22m"}}
[debug] [2024-02-11T10:28:32.024Z] Web / API server started at 127.0.0.1:4000
 {"metadata":{"emulator":{"name":"ui"},"message":"Web / API server started at 127.0.0.1:4000\n"}}
[debug] [2024-02-11T10:28:32.024Z] Web / API server started at ::1:4000
 {"metadata":{"emulator":{"name":"ui"},"message":"Web / API server started at ::1:4000\n"}}
[info] i  functions: Watching "E:\react-redux-firebase-ecomerce\functions" for Cloud Functions... {"metadata":{"emulator":{"name":"functions"},"message":"Watching \"E:\\react-redux-firebase-ecomerce\\functions\" for Cloud Functions..."}}
[debug] [2024-02-11T10:28:32.181Z] Validating nodejs source
[debug] [2024-02-11T10:28:33.508Z] > [functions] package.json contents: {
  "name": "functions",
  "description": "Cloud Functions for Firebase",
  "scripts": {
    "lint": "eslint .",
    "serve": "firebase emulators:start --only functions",
    "shell": "firebase functions:shell",
    "start": "npm run shell",
    "deploy": "firebase deploy --only functions",
    "logs": "firebase functions:log"
  },
  "engines": {
    "node": "18"
  },
  "main": "index.js",
  "dependencies": {
    "cors": "^2.8.5",
    "express": "^4.18.2",
    "firebase-admin": "^11.8.0",
    "firebase-functions": "^4.3.1",
    "stripe": "^14.16.0"
  },
  "devDependencies": {
    "eslint": "^8.15.0",
    "eslint-config-google": "^0.14.0",
    "firebase-functions-test": "^3.1.0"
  },
  "private": true
}
[debug] [2024-02-11T10:28:33.508Z] Building nodejs source
[debug] [2024-02-11T10:28:33.508Z] Failed to find version of module node: reached end of search path E:\react-redux-firebase-ecomerce\functions\node_modules
[info] +  functions: Using node@18 from host. 
[debug] [2024-02-11T10:28:33.510Z] Could not find functions.yaml. Must use http discovery
[debug] [2024-02-11T10:28:33.517Z] Found firebase-functions binary at 'E:\react-redux-firebase-ecomerce\functions\node_modules\.bin\firebase-functions'
[info] Serving at port 8365

[debug] [2024-02-11T10:28:33.986Z] Got response from /__/functions.yaml {"endpoints":{"api":{"platform":"gcfv1","availableMemoryMb":null,"timeoutSeconds":null,"minInstances":null,"maxInstances":null,"ingressSettings":null,"serviceAccountEmail":null,"vpc":null,"httpsTrigger":{},"entryPoint":"api"}},"specVersion":"v1alpha1","requiredAPIs":[]}
[info] +  functions: Loaded functions definitions from source: api. {"metadata":{"emulator":{"name":"functions"},"message":"Loaded functions definitions from source: api."}}
[info] +  functions[us-central1-api]: http function initialized (http://127.0.0.1:5001/ecommerce-website-837bd/us-central1/api). {"metadata":{"emulator":{"name":"functions"},"message":"\u001b[1mhttp\u001b[22m function initialized (http://127.0.0.1:5001/ecommerce-website-837bd/us-central1/api)."}}
[info] 
┌─────────────────────────────────────────────────────────────┐
│ ✔  All emulators ready! It is now safe to connect your app. │
│ i  View Emulator UI at http://127.0.0.1:4000/               │
└─────────────────────────────────────────────────────────────┘

┌───────────┬────────────────┬─────────────────────────────────┐
│ Emulator  │ Host:Port      │ View in Emulator UI             │
├───────────┼────────────────┼─────────────────────────────────┤
│ Functions │ 127.0.0.1:5001 │ http://127.0.0.1:4000/functions │
└───────────┴────────────────┴─────────────────────────────────┘
  Emulator Hub running at 127.0.0.1:4400
  Other reserved ports: 4500

Issues? Report them at https://github.com/firebase/firebase-tools/issues and attach the *-debug.log files.
 
[debug] [2024-02-11T10:28:47.306Z] [work-queue] {"queuedWork":["/ecommerce-website-837bd/us-central1/api/payments/create-2024-02-11T10:28:47.306Z"],"queueLength":1,"runningWork":[],"workRunningCount":0}
[debug] [2024-02-11T10:28:47.307Z] [work-queue] {"queuedWork":[],"queueLength":0,"runningWork":["/ecommerce-website-837bd/us-central1/api/payments/create-2024-02-11T10:28:47.306Z"],"workRunningCount":1}
[debug] [2024-02-11T10:28:47.307Z] Accepted request GET /ecommerce-website-837bd/us-central1/api/payments/create --> us-central1-api
[debug] [2024-02-11T10:28:47.310Z] [functions] Runtime ready! Sending request! {"metadata":{"emulator":{"name":"functions"},"message":"[functions] Runtime ready! Sending request!"}}
[debug] [2024-02-11T10:28:47.311Z] [functions] Got req.url=/ecommerce-website-837bd/us-central1/api/payments/create, mapping to path=/payments/create {"metadata":{"emulator":{"name":"functions"},"message":"[functions] Got req.url=/ecommerce-website-837bd/us-central1/api/payments/create, mapping to path=/payments/create"}}
[debug] [2024-02-11T10:28:47.337Z] [worker-pool] addWorker(us-central1-api) {"metadata":{"emulator":{"name":"functions"},"message":"[worker-pool] addWorker(us-central1-api)"}}
[debug] [2024-02-11T10:28:47.337Z] [worker-pool] Adding worker with key us-central1-api, total=1 {"metadata":{"emulator":{"name":"functions"},"message":"[worker-pool] Adding worker with key us-central1-api, total=1"}}
[debug] [2024-02-11T10:28:48.462Z] [runtime-status] [4444] Resolved module firebase-admin {"declared":true,"installed":true,"version":"11.11.1","resolution":"E:\\react-redux-firebase-ecomerce\\functions\\node_modules\\firebase-admin\\lib\\index.js"} {"metadata":{"emulator":{"name":"functions"},"function":{"name":"us-central1-api"},"extension":{},"message":"[runtime-status] [4444] Resolved module firebase-admin {\"declared\":true,\"installed\":true,\"version\":\"11.11.1\",\"resolution\":\"E:\\\\react-redux-firebase-ecomerce\\\\functions\\\\node_modules\\\\firebase-admin\\\\lib\\\\index.js\"}"}}
[debug] [2024-02-11T10:28:48.463Z] [runtime-status] [4444] Resolved module firebase-functions {"declared":true,"installed":true,"version":"4.7.0","resolution":"E:\\react-redux-firebase-ecomerce\\functions\\node_modules\\firebase-functions\\lib\\v1\\index.js"} {"metadata":{"emulator":{"name":"functions"},"function":{"name":"us-central1-api"},"extension":{},"message":"[runtime-status] [4444] Resolved module firebase-functions {\"declared\":true,\"installed\":true,\"version\":\"4.7.0\",\"resolution\":\"E:\\\\react-redux-firebase-ecomerce\\\\functions\\\\node_modules\\\\firebase-functions\\\\lib\\\\v1\\\\index.js\"}"}}
[debug] [2024-02-11T10:28:48.463Z] [runtime-status] [4444] Outgoing network have been stubbed. [{"name":"http","status":"mocked"},{"name":"http","status":"mocked"},{"name":"https","status":"mocked"},{"name":"https","status":"mocked"},{"name":"net","status":"mocked"}] {"metadata":{"emulator":{"name":"functions"},"function":{"name":"us-central1-api"},"extension":{},"message":"[runtime-status] [4444] Outgoing network have been stubbed. [{\"name\":\"http\",\"status\":\"mocked\"},{\"name\":\"http\",\"status\":\"mocked\"},{\"name\":\"https\",\"status\":\"mocked\"},{\"name\":\"https\",\"status\":\"mocked\"},{\"name\":\"net\",\"status\":\"mocked\"}]"}}
[debug] [2024-02-11T10:28:48.464Z] [runtime-status] [4444] Resolved module firebase-functions {"declared":true,"installed":true,"version":"4.7.0","resolution":"E:\\react-redux-firebase-ecomerce\\functions\\node_modules\\firebase-functions\\lib\\v1\\index.js"} {"metadata":{"emulator":{"name":"functions"},"function":{"name":"us-central1-api"},"extension":{},"message":"[runtime-status] [4444] Resolved module firebase-functions {\"declared\":true,\"installed\":true,\"version\":\"4.7.0\",\"resolution\":\"E:\\\\react-redux-firebase-ecomerce\\\\functions\\\\node_modules\\\\firebase-functions\\\\lib\\\\v1\\\\index.js\"}"}}
[debug] [2024-02-11T10:28:48.663Z] [runtime-status] [4444] Checked functions.config() {"config":{}} {"metadata":{"emulator":{"name":"functions"},"function":{"name":"us-central1-api"},"extension":{},"message":"[runtime-status] [4444] Checked functions.config() {\"config\":{}}"}}
[debug] [2024-02-11T10:28:48.663Z] [runtime-status] [4444] firebase-functions has been stubbed. {"functionsResolution":{"declared":true,"installed":true,"version":"4.7.0","resolution":"E:\\react-redux-firebase-ecomerce\\functions\\node_modules\\firebase-functions\\lib\\v1\\index.js"}} {"metadata":{"emulator":{"name":"functions"},"function":{"name":"us-central1-api"},"extension":{},"message":"[runtime-status] [4444] firebase-functions has been stubbed. {\"functionsResolution\":{\"declared\":true,\"installed\":true,\"version\":\"4.7.0\",\"resolution\":\"E:\\\\react-redux-firebase-ecomerce\\\\functions\\\\node_modules\\\\firebase-functions\\\\lib\\\\v1\\\\index.js\"}}"}}
[debug] [2024-02-11T10:28:48.664Z] [runtime-status] [4444] Resolved module firebase-functions {"declared":true,"installed":true,"version":"4.7.0","resolution":"E:\\react-redux-firebase-ecomerce\\functions\\node_modules\\firebase-functions\\lib\\v1\\index.js"} {"metadata":{"emulator":{"name":"functions"},"function":{"name":"us-central1-api"},"extension":{},"message":"[runtime-status] [4444] Resolved module firebase-functions {\"declared\":true,\"installed\":true,\"version\":\"4.7.0\",\"resolution\":\"E:\\\\react-redux-firebase-ecomerce\\\\functions\\\\node_modules\\\\firebase-functions\\\\lib\\\\v1\\\\index.js\"}"}}
[debug] [2024-02-11T10:28:48.665Z] [runtime-status] [4444] Resolved module firebase-admin {"declared":true,"installed":true,"version":"11.11.1","resolution":"E:\\react-redux-firebase-ecomerce\\functions\\node_modules\\firebase-admin\\lib\\index.js"} {"metadata":{"emulator":{"name":"functions"},"function":{"name":"us-central1-api"},"extension":{},"message":"[runtime-status] [4444] Resolved module firebase-admin {\"declared\":true,\"installed\":true,\"version\":\"11.11.1\",\"resolution\":\"E:\\\\react-redux-firebase-ecomerce\\\\functions\\\\node_modules\\\\firebase-admin\\\\lib\\\\index.js\"}"}}
[debug] [2024-02-11T10:28:48.842Z] [runtime-status] [4444] Resolved module firebase-functions {"declared":true,"installed":true,"version":"4.7.0","resolution":"E:\\react-redux-firebase-ecomerce\\functions\\node_modules\\firebase-functions\\lib\\v1\\index.js"} {"metadata":{"emulator":{"name":"functions"},"function":{"name":"us-central1-api"},"extension":{},"message":"[runtime-status] [4444] Resolved module firebase-functions {\"declared\":true,\"installed\":true,\"version\":\"4.7.0\",\"resolution\":\"E:\\\\react-redux-firebase-ecomerce\\\\functions\\\\node_modules\\\\firebase-functions\\\\lib\\\\v1\\\\index.js\"}"}}
[debug] [2024-02-11T10:28:48.844Z] [runtime-status] [4444] firebase-admin has been stubbed. {"adminResolution":{"declared":true,"installed":true,"version":"11.11.1","resolution":"E:\\react-redux-firebase-ecomerce\\functions\\node_modules\\firebase-admin\\lib\\index.js"}} {"metadata":{"emulator":{"name":"functions"},"function":{"name":"us-central1-api"},"extension":{},"message":"[runtime-status] [4444] firebase-admin has been stubbed. {\"adminResolution\":{\"declared\":true,\"installed\":true,\"version\":\"11.11.1\",\"resolution\":\"E:\\\\react-redux-firebase-ecomerce\\\\functions\\\\node_modules\\\\firebase-admin\\\\lib\\\\index.js\"}}"}}
[debug] [2024-02-11T10:28:49.080Z] [runtime-status] [4444] Functions runtime initialized. {"cwd":"E:\\react-redux-firebase-ecomerce\\functions","node_version":"18.18.0"} {"metadata":{"emulator":{"name":"functions"},"function":{"name":"us-central1-api"},"extension":{},"message":"[runtime-status] [4444] Functions runtime initialized. {\"cwd\":\"E:\\\\react-redux-firebase-ecomerce\\\\functions\",\"node_version\":\"18.18.0\"}"}}
[debug] [2024-02-11T10:28:49.080Z] [runtime-status] [4444] Listening to port: \\?\pipe\fire_emu_2e0be79cb8d65a90 {"metadata":{"emulator":{"name":"functions"},"function":{"name":"us-central1-api"},"extension":{},"message":"[runtime-status] [4444] Listening to port: \\\\?\\pipe\\fire_emu_2e0be79cb8d65a90"}}
[debug] [2024-02-11T10:28:49.102Z] [worker-us-central1-api-91152da7-5f14-46b9-8458-e8ab7c7a8535]: IDLE {"metadata":{"emulator":{"name":"functions"},"function":{"name":"us-central1-api"},"extension":{},"message":"[worker-us-central1-api-91152da7-5f14-46b9-8458-e8ab7c7a8535]: IDLE"}}
[debug] [2024-02-11T10:28:49.102Z] [worker-pool] submitRequest(triggerId=us-central1-api) {"metadata":{"emulator":{"name":"functions"},"message":"[worker-pool] submitRequest(triggerId=us-central1-api)"}}
[info] i  functions: Beginning execution of "us-central1-api" {"metadata":{"emulator":{"name":"functions"},"function":{"name":"us-central1-api"},"extension":{},"message":"Beginning execution of \"us-central1-api\""}}
[debug] [2024-02-11T10:28:49.103Z] [worker-us-central1-api-91152da7-5f14-46b9-8458-e8ab7c7a8535]: BUSY {"metadata":{"emulator":{"name":"functions"},"function":{"name":"us-central1-api"},"extension":{},"message":"[worker-us-central1-api-91152da7-5f14-46b9-8458-e8ab7c7a8535]: BUSY"}}
[debug] [2024-02-11T10:28:49.110Z] Finishing up request with event=pause {"metadata":{"emulator":{"name":"functions"},"function":{"name":"us-central1-api"},"extension":{},"message":"Finishing up request with event=pause"}}
[info] i  functions: Finished "us-central1-api" in 7.6791ms {"metadata":{"emulator":{"name":"functions"},"function":{"name":"us-central1-api"},"extension":{},"message":"Finished \"us-central1-api\" in 7.6791ms"}}
[debug] [2024-02-11T10:28:49.111Z] [worker-us-central1-api-91152da7-5f14-46b9-8458-e8ab7c7a8535]: IDLE {"metadata":{"emulator":{"name":"functions"},"function":{"name":"us-central1-api"},"extension":{},"message":"[worker-us-central1-api-91152da7-5f14-46b9-8458-e8ab7c7a8535]: IDLE"}}
[debug] [2024-02-11T10:28:49.111Z] Finishing up request with event=finish {"metadata":{"emulator":{"name":"functions"},"function":{"name":"us-central1-api"},"extension":{},"message":"Finishing up request with event=finish"}}
[debug] [2024-02-11T10:28:49.111Z] Finishing up request with event=close {"metadata":{"emulator":{"name":"functions"},"function":{"name":"us-central1-api"},"extension":{},"message":"Finishing up request with event=close"}}
[debug] [2024-02-11T10:28:49.112Z] [work-queue] {"queuedWork":[],"queueLength":0,"runningWork":[],"workRunningCount":0}
[debug] [2024-02-11T10:28:56.454Z] [work-queue] {"queuedWork":["/ecommerce-website-837bd/us-central1/api/payments/create-2024-02-11T10:28:56.454Z"],"queueLength":1,"runningWork":[],"workRunningCount":0}
[debug] [2024-02-11T10:28:56.454Z] [work-queue] {"queuedWork":[],"queueLength":0,"runningWork":["/ecommerce-website-837bd/us-central1/api/payments/create-2024-02-11T10:28:56.454Z"],"workRunningCount":1}
[debug] [2024-02-11T10:28:56.454Z] Accepted request OPTIONS /ecommerce-website-837bd/us-central1/api/payments/create --> us-central1-api
[debug] [2024-02-11T10:28:56.457Z] [functions] Runtime ready! Sending request! {"metadata":{"emulator":{"name":"functions"},"message":"[functions] Runtime ready! Sending request!"}}
[debug] [2024-02-11T10:28:56.457Z] [functions] Got req.url=/ecommerce-website-837bd/us-central1/api/payments/create, mapping to path=/payments/create {"metadata":{"emulator":{"name":"functions"},"message":"[functions] Got req.url=/ecommerce-website-837bd/us-central1/api/payments/create, mapping to path=/payments/create"}}
[debug] [2024-02-11T10:28:56.457Z] [worker-pool] submitRequest(triggerId=us-central1-api) {"metadata":{"emulator":{"name":"functions"},"message":"[worker-pool] submitRequest(triggerId=us-central1-api)"}}
[info] i  functions: Beginning execution of "us-central1-api" {"metadata":{"emulator":{"name":"functions"},"function":{"name":"us-central1-api"},"extension":{},"message":"Beginning execution of \"us-central1-api\""}}
[debug] [2024-02-11T10:28:56.458Z] [worker-us-central1-api-91152da7-5f14-46b9-8458-e8ab7c7a8535]: BUSY {"metadata":{"emulator":{"name":"functions"},"function":{"name":"us-central1-api"},"extension":{},"message":"[worker-us-central1-api-91152da7-5f14-46b9-8458-e8ab7c7a8535]: BUSY"}}
[debug] [2024-02-11T10:28:56.462Z] Finishing up request with event=pause {"metadata":{"emulator":{"name":"functions"},"function":{"name":"us-central1-api"},"extension":{},"message":"Finishing up request with event=pause"}}
[info] i  functions: Finished "us-central1-api" in 3.8462ms {"metadata":{"emulator":{"name":"functions"},"function":{"name":"us-central1-api"},"extension":{},"message":"Finished \"us-central1-api\" in 3.8462ms"}}
[debug] [2024-02-11T10:28:56.463Z] [worker-us-central1-api-91152da7-5f14-46b9-8458-e8ab7c7a8535]: IDLE {"metadata":{"emulator":{"name":"functions"},"function":{"name":"us-central1-api"},"extension":{},"message":"[worker-us-central1-api-91152da7-5f14-46b9-8458-e8ab7c7a8535]: IDLE"}}
[debug] [2024-02-11T10:28:56.463Z] Finishing up request with event=finish {"metadata":{"emulator":{"name":"functions"},"function":{"name":"us-central1-api"},"extension":{},"message":"Finishing up request with event=finish"}}
[debug] [2024-02-11T10:28:56.463Z] Finishing up request with event=close {"metadata":{"emulator":{"name":"functions"},"function":{"name":"us-central1-api"},"extension":{},"message":"Finishing up request with event=close"}}
[debug] [2024-02-11T10:28:56.463Z] [work-queue] {"queuedWork":[],"queueLength":0,"runningWork":[],"workRunningCount":0}
[debug] [2024-02-11T10:28:56.464Z] [work-queue] {"queuedWork":["/ecommerce-website-837bd/us-central1/api/payments/create-2024-02-11T10:28:56.464Z"],"queueLength":1,"runningWork":[],"workRunningCount":0}
[debug] [2024-02-11T10:28:56.464Z] [work-queue] {"queuedWork":[],"queueLength":0,"runningWork":["/ecommerce-website-837bd/us-central1/api/payments/create-2024-02-11T10:28:56.464Z"],"workRunningCount":1}
[debug] [2024-02-11T10:28:56.465Z] Accepted request POST /ecommerce-website-837bd/us-central1/api/payments/create --> us-central1-api
[debug] [2024-02-11T10:28:56.467Z] [functions] Runtime ready! Sending request! {"metadata":{"emulator":{"name":"functions"},"message":"[functions] Runtime ready! Sending request!"}}
[debug] [2024-02-11T10:28:56.468Z] [functions] Got req.url=/ecommerce-website-837bd/us-central1/api/payments/create, mapping to path=/payments/create {"metadata":{"emulator":{"name":"functions"},"message":"[functions] Got req.url=/ecommerce-website-837bd/us-central1/api/payments/create, mapping to path=/payments/create"}}
[debug] [2024-02-11T10:28:56.468Z] [worker-pool] submitRequest(triggerId=us-central1-api) {"metadata":{"emulator":{"name":"functions"},"message":"[worker-pool] submitRequest(triggerId=us-central1-api)"}}
[info] i  functions: Beginning execution of "us-central1-api" {"metadata":{"emulator":{"name":"functions"},"function":{"name":"us-central1-api"},"extension":{},"message":"Beginning execution of \"us-central1-api\""}}
[debug] [2024-02-11T10:28:56.468Z] [worker-us-central1-api-91152da7-5f14-46b9-8458-e8ab7c7a8535]: BUSY {"metadata":{"emulator":{"name":"functions"},"function":{"name":"us-central1-api"},"extension":{},"message":"[worker-us-central1-api-91152da7-5f14-46b9-8458-e8ab7c7a8535]: BUSY"}}
[debug] [2024-02-11T10:28:58.655Z] Finishing up request with event=pause {"metadata":{"emulator":{"name":"functions"},"function":{"name":"us-central1-api"},"extension":{},"message":"Finishing up request with event=pause"}}
[info] i  functions: Finished "us-central1-api" in 2187.3632ms {"metadata":{"emulator":{"name":"functions"},"function":{"name":"us-central1-api"},"extension":{},"message":"Finished \"us-central1-api\" in 2187.3632ms"}}
[debug] [2024-02-11T10:28:58.656Z] [worker-us-central1-api-91152da7-5f14-46b9-8458-e8ab7c7a8535]: IDLE {"metadata":{"emulator":{"name":"functions"},"function":{"name":"us-central1-api"},"extension":{},"message":"[worker-us-central1-api-91152da7-5f14-46b9-8458-e8ab7c7a8535]: IDLE"}}
[debug] [2024-02-11T10:28:58.656Z] Finishing up request with event=finish {"metadata":{"emulator":{"name":"functions"},"function":{"name":"us-central1-api"},"extension":{},"message":"Finishing up request with event=finish"}}
[debug] [2024-02-11T10:28:58.656Z] Finishing up request with event=close {"metadata":{"emulator":{"name":"functions"},"function":{"name":"us-central1-api"},"extension":{},"message":"Finishing up request with event=close"}}
[debug] [2024-02-11T10:28:58.656Z] [work-queue] {"queuedWork":[],"queueLength":0,"runningWork":[],"workRunningCount":0}
[debug] [2024-02-11T10:32:35.331Z] [work-queue] {"queuedWork":["/ecommerce-website-837bd/us-central1/api/payments/create-2024-02-11T10:32:35.331Z"],"queueLength":1,"runningWork":[],"workRunningCount":0}
[debug] [2024-02-11T10:32:35.332Z] [work-queue] {"queuedWork":[],"queueLength":0,"runningWork":["/ecommerce-website-837bd/us-central1/api/payments/create-2024-02-11T10:32:35.331Z"],"workRunningCount":1}
[debug] [2024-02-11T10:32:35.332Z] Accepted request OPTIONS /ecommerce-website-837bd/us-central1/api/payments/create --> us-central1-api
[debug] [2024-02-11T10:32:35.334Z] [functions] Runtime ready! Sending request! {"metadata":{"emulator":{"name":"functions"},"message":"[functions] Runtime ready! Sending request!"}}
[debug] [2024-02-11T10:32:35.334Z] [functions] Got req.url=/ecommerce-website-837bd/us-central1/api/payments/create, mapping to path=/payments/create {"metadata":{"emulator":{"name":"functions"},"message":"[functions] Got req.url=/ecommerce-website-837bd/us-central1/api/payments/create, mapping to path=/payments/create"}}
[debug] [2024-02-11T10:32:35.334Z] [worker-pool] submitRequest(triggerId=us-central1-api) {"metadata":{"emulator":{"name":"functions"},"message":"[worker-pool] submitRequest(triggerId=us-central1-api)"}}
[info] i  functions: Beginning execution of "us-central1-api" {"metadata":{"emulator":{"name":"functions"},"function":{"name":"us-central1-api"},"extension":{},"message":"Beginning execution of \"us-central1-api\""}}
[debug] [2024-02-11T10:32:35.335Z] [worker-us-central1-api-91152da7-5f14-46b9-8458-e8ab7c7a8535]: BUSY {"metadata":{"emulator":{"name":"functions"},"function":{"name":"us-central1-api"},"extension":{},"message":"[worker-us-central1-api-91152da7-5f14-46b9-8458-e8ab7c7a8535]: BUSY"}}
[debug] [2024-02-11T10:32:35.338Z] Finishing up request with event=pause {"metadata":{"emulator":{"name":"functions"},"function":{"name":"us-central1-api"},"extension":{},"message":"Finishing up request with event=pause"}}
[info] i  functions: Finished "us-central1-api" in 2.8855ms {"metadata":{"emulator":{"name":"functions"},"function":{"name":"us-central1-api"},"extension":{},"message":"Finished \"us-central1-api\" in 2.8855ms"}}
[debug] [2024-02-11T10:32:35.338Z] [worker-us-central1-api-91152da7-5f14-46b9-8458-e8ab7c7a8535]: IDLE {"metadata":{"emulator":{"name":"functions"},"function":{"name":"us-central1-api"},"extension":{},"message":"[worker-us-central1-api-91152da7-5f14-46b9-8458-e8ab7c7a8535]: IDLE"}}
[debug] [2024-02-11T10:32:35.339Z] Finishing up request with event=finish {"metadata":{"emulator":{"name":"functions"},"function":{"name":"us-central1-api"},"extension":{},"message":"Finishing up request with event=finish"}}
[debug] [2024-02-11T10:32:35.339Z] Finishing up request with event=close {"metadata":{"emulator":{"name":"functions"},"function":{"name":"us-central1-api"},"extension":{},"message":"Finishing up request with event=close"}}
[debug] [2024-02-11T10:32:35.339Z] [work-queue] {"queuedWork":[],"queueLength":0,"runningWork":[],"workRunningCount":0}
[debug] [2024-02-11T10:32:35.340Z] [work-queue] {"queuedWork":["/ecommerce-website-837bd/us-central1/api/payments/create-2024-02-11T10:32:35.340Z"],"queueLength":1,"runningWork":[],"workRunningCount":0}
[debug] [2024-02-11T10:32:35.340Z] [work-queue] {"queuedWork":[],"queueLength":0,"runningWork":["/ecommerce-website-837bd/us-central1/api/payments/create-2024-02-11T10:32:35.340Z"],"workRunningCount":1}
[debug] [2024-02-11T10:32:35.340Z] Accepted request POST /ecommerce-website-837bd/us-central1/api/payments/create --> us-central1-api
[debug] [2024-02-11T10:32:35.343Z] [functions] Runtime ready! Sending request! {"metadata":{"emulator":{"name":"functions"},"message":"[functions] Runtime ready! Sending request!"}}
[debug] [2024-02-11T10:32:35.343Z] [functions] Got req.url=/ecommerce-website-837bd/us-central1/api/payments/create, mapping to path=/payments/create {"metadata":{"emulator":{"name":"functions"},"message":"[functions] Got req.url=/ecommerce-website-837bd/us-central1/api/payments/create, mapping to path=/payments/create"}}
[debug] [2024-02-11T10:32:35.343Z] [worker-pool] submitRequest(triggerId=us-central1-api) {"metadata":{"emulator":{"name":"functions"},"message":"[worker-pool] submitRequest(triggerId=us-central1-api)"}}
[info] i  functions: Beginning execution of "us-central1-api" {"metadata":{"emulator":{"name":"functions"},"function":{"name":"us-central1-api"},"extension":{},"message":"Beginning execution of \"us-central1-api\""}}
[debug] [2024-02-11T10:32:35.344Z] [worker-us-central1-api-91152da7-5f14-46b9-8458-e8ab7c7a8535]: BUSY {"metadata":{"emulator":{"name":"functions"},"function":{"name":"us-central1-api"},"extension":{},"message":"[worker-us-central1-api-91152da7-5f14-46b9-8458-e8ab7c7a8535]: BUSY"}}
[debug] [2024-02-11T10:32:35.889Z] Finishing up request with event=pause {"metadata":{"emulator":{"name":"functions"},"function":{"name":"us-central1-api"},"extension":{},"message":"Finishing up request with event=pause"}}
[info] i  functions: Finished "us-central1-api" in 545.6879ms {"metadata":{"emulator":{"name":"functions"},"function":{"name":"us-central1-api"},"extension":{},"message":"Finished \"us-central1-api\" in 545.6879ms"}}
[debug] [2024-02-11T10:32:35.891Z] [worker-us-central1-api-91152da7-5f14-46b9-8458-e8ab7c7a8535]: IDLE {"metadata":{"emulator":{"name":"functions"},"function":{"name":"us-central1-api"},"extension":{},"message":"[worker-us-central1-api-91152da7-5f14-46b9-8458-e8ab7c7a8535]: IDLE"}}
[debug] [2024-02-11T10:32:35.891Z] Finishing up request with event=finish {"metadata":{"emulator":{"name":"functions"},"function":{"name":"us-central1-api"},"extension":{},"message":"Finishing up request with event=finish"}}
[debug] [2024-02-11T10:32:35.892Z] Finishing up request with event=close {"metadata":{"emulator":{"name":"functions"},"function":{"name":"us-central1-api"},"extension":{},"message":"Finishing up request with event=close"}}
[debug] [2024-02-11T10:32:35.893Z] [work-queue] {"queuedWork":[],"queueLength":0,"runningWork":[],"workRunningCount":0}
